<?xml version="1.0" encoding="UTF-8" ?>
<testsuite tests="128" failures="0" name="com.juliandomingo.pset6.MinWebTestSuiteTest" time="17.031" errors="0" skipped="0">
  <properties>
    <property name="java.runtime.name" value="OpenJDK Runtime Environment"/>
    <property name="sun.boot.library.path" value="/usr/lib/jvm/java-8-openjdk/jre/lib/amd64"/>
    <property name="java.vm.version" value="25.121-b13"/>
    <property name="java.vm.vendor" value="Oracle Corporation"/>
    <property name="maven.multiModuleProjectDirectory" value="/home/julian/Documents/School/EE360T/pset6"/>
    <property name="java.vendor.url" value="http://java.oracle.com/"/>
    <property name="path.separator" value=":"/>
    <property name="guice.disable.misplaced.annotation.check" value="true"/>
    <property name="java.vm.name" value="OpenJDK 64-Bit Server VM"/>
    <property name="file.encoding.pkg" value="sun.io"/>
    <property name="user.country" value="US"/>
    <property name="sun.java.launcher" value="SUN_STANDARD"/>
    <property name="sun.os.patch.level" value="unknown"/>
    <property name="java.vm.specification.name" value="Java Virtual Machine Specification"/>
    <property name="user.dir" value="/home/julian/Documents/School/EE360T/pset6"/>
    <property name="java.runtime.version" value="1.8.0_121-b13"/>
    <property name="java.awt.graphicsenv" value="sun.awt.X11GraphicsEnvironment"/>
    <property name="java.endorsed.dirs" value="/usr/lib/jvm/java-8-openjdk/jre/lib/endorsed"/>
    <property name="os.arch" value="amd64"/>
    <property name="java.io.tmpdir" value="/tmp"/>
    <property name="line.separator" value="
"/>
    <property name="java.vm.specification.vendor" value="Oracle Corporation"/>
    <property name="os.name" value="Linux"/>
    <property name="classworlds.conf" value="/opt/maven/bin/m2.conf"/>
    <property name="sun.jnu.encoding" value="UTF-8"/>
    <property name="java.library.path" value="/usr/java/packages/lib/amd64:/usr/lib64:/lib64:/lib:/usr/lib"/>
    <property name="maven.conf" value="/opt/maven/conf"/>
    <property name="java.specification.name" value="Java Platform API Specification"/>
    <property name="java.class.version" value="52.0"/>
    <property name="sun.management.compiler" value="HotSpot 64-Bit Tiered Compilers"/>
    <property name="os.version" value="4.9.24-1-MANJARO"/>
    <property name="library.jansi.path" value="/opt/maven/lib/jansi-native/linux64"/>
    <property name="user.home" value="/home/julian"/>
    <property name="user.timezone" value="America/Chicago"/>
    <property name="java.awt.printerjob" value="sun.print.PSPrinterJob"/>
    <property name="java.specification.version" value="1.8"/>
    <property name="file.encoding" value="UTF-8"/>
    <property name="user.name" value="julian"/>
    <property name="java.class.path" value="/opt/maven/boot/plexus-classworlds-2.5.2.jar"/>
    <property name="java.vm.specification.version" value="1.8"/>
    <property name="sun.arch.data.model" value="64"/>
    <property name="java.home" value="/usr/lib/jvm/java-8-openjdk/jre"/>
    <property name="sun.java.command" value="org.codehaus.plexus.classworlds.launcher.Launcher test"/>
    <property name="java.specification.vendor" value="Oracle Corporation"/>
    <property name="user.language" value="en"/>
    <property name="awt.toolkit" value="sun.awt.X11.XToolkit"/>
    <property name="java.vm.info" value="mixed mode"/>
    <property name="java.version" value="1.8.0_121"/>
    <property name="java.ext.dirs" value="/usr/lib/jvm/java-8-openjdk/jre/lib/ext:/usr/java/packages/lib/ext"/>
    <property name="securerandom.source" value="file:/dev/./urandom"/>
    <property name="sun.boot.class.path" value="/usr/lib/jvm/java-8-openjdk/jre/lib/resources.jar:/usr/lib/jvm/java-8-openjdk/jre/lib/rt.jar:/usr/lib/jvm/java-8-openjdk/jre/lib/sunrsasign.jar:/usr/lib/jvm/java-8-openjdk/jre/lib/jsse.jar:/usr/lib/jvm/java-8-openjdk/jre/lib/jce.jar:/usr/lib/jvm/java-8-openjdk/jre/lib/charsets.jar:/usr/lib/jvm/java-8-openjdk/jre/lib/jfr.jar:/usr/lib/jvm/java-8-openjdk/jre/classes"/>
    <property name="java.vendor" value="Oracle Corporation"/>
    <property name="maven.home" value="/opt/maven"/>
    <property name="file.separator" value="/"/>
    <property name="java.vendor.url.bug" value="http://bugreport.sun.com/bugreport/"/>
    <property name="sun.cpu.endian" value="little"/>
    <property name="sun.io.unicode.encoding" value="UnicodeLittle"/>
    <property name="sun.cpu.isalist" value=""/>
  </properties>
  <testcase classname="com.juliandomingo.pset6.MinWebTestSuiteTest" name="t0" time="0.185"/>
  <testcase classname="com.juliandomingo.pset6.MinWebTestSuiteTest" name="t1" time="0.133"/>
  <testcase classname="com.juliandomingo.pset6.MinWebTestSuiteTest" name="t2" time="0.111"/>
  <testcase classname="com.juliandomingo.pset6.MinWebTestSuiteTest" name="t3" time="0.126"/>
  <testcase classname="com.juliandomingo.pset6.MinWebTestSuiteTest" name="t4" time="0.128"/>
  <testcase classname="com.juliandomingo.pset6.MinWebTestSuiteTest" name="t5" time="0.117"/>
  <testcase classname="com.juliandomingo.pset6.MinWebTestSuiteTest" name="t6" time="0.09"/>
  <testcase classname="com.juliandomingo.pset6.MinWebTestSuiteTest" name="t7" time="0.122"/>
  <testcase classname="com.juliandomingo.pset6.MinWebTestSuiteTest" name="t8" time="0.101"/>
  <testcase classname="com.juliandomingo.pset6.MinWebTestSuiteTest" name="t9" time="0.127"/>
  <testcase classname="com.juliandomingo.pset6.MinWebTestSuiteTest" name="t10" time="0.109"/>
  <testcase classname="com.juliandomingo.pset6.MinWebTestSuiteTest" name="t11" time="0.124"/>
  <testcase classname="com.juliandomingo.pset6.MinWebTestSuiteTest" name="t12" time="0.136"/>
  <testcase classname="com.juliandomingo.pset6.MinWebTestSuiteTest" name="t13" time="0.125"/>
  <testcase classname="com.juliandomingo.pset6.MinWebTestSuiteTest" name="t14" time="0.103"/>
  <testcase classname="com.juliandomingo.pset6.MinWebTestSuiteTest" name="t15" time="0.123"/>
  <testcase classname="com.juliandomingo.pset6.MinWebTestSuiteTest" name="t16" time="0.102"/>
  <testcase classname="com.juliandomingo.pset6.MinWebTestSuiteTest" name="t17" time="0.114"/>
  <testcase classname="com.juliandomingo.pset6.MinWebTestSuiteTest" name="t18" time="0.11"/>
  <testcase classname="com.juliandomingo.pset6.MinWebTestSuiteTest" name="t19" time="0.124"/>
  <testcase classname="com.juliandomingo.pset6.MinWebTestSuiteTest" name="t20" time="0.104"/>
  <testcase classname="com.juliandomingo.pset6.MinWebTestSuiteTest" name="t21" time="0.138"/>
  <testcase classname="com.juliandomingo.pset6.MinWebTestSuiteTest" name="t22" time="0.11"/>
  <testcase classname="com.juliandomingo.pset6.MinWebTestSuiteTest" name="t23" time="0.121"/>
  <testcase classname="com.juliandomingo.pset6.MinWebTestSuiteTest" name="t24" time="0.1"/>
  <testcase classname="com.juliandomingo.pset6.MinWebTestSuiteTest" name="t25" time="0.115"/>
  <testcase classname="com.juliandomingo.pset6.MinWebTestSuiteTest" name="t26" time="0.104"/>
  <testcase classname="com.juliandomingo.pset6.MinWebTestSuiteTest" name="t27" time="0.12"/>
  <testcase classname="com.juliandomingo.pset6.MinWebTestSuiteTest" name="t28" time="0.103"/>
  <testcase classname="com.juliandomingo.pset6.MinWebTestSuiteTest" name="t29" time="0.121"/>
  <testcase classname="com.juliandomingo.pset6.MinWebTestSuiteTest" name="t30" time="0.101"/>
  <testcase classname="com.juliandomingo.pset6.MinWebTestSuiteTest" name="t31" time="0.119"/>
  <testcase classname="com.juliandomingo.pset6.MinWebTestSuiteTest" name="t32" time="0.101"/>
  <testcase classname="com.juliandomingo.pset6.MinWebTestSuiteTest" name="t33" time="0.153"/>
  <testcase classname="com.juliandomingo.pset6.MinWebTestSuiteTest" name="t34" time="0.144"/>
  <testcase classname="com.juliandomingo.pset6.MinWebTestSuiteTest" name="t35" time="0.132"/>
  <testcase classname="com.juliandomingo.pset6.MinWebTestSuiteTest" name="t36" time="0.116"/>
  <testcase classname="com.juliandomingo.pset6.MinWebTestSuiteTest" name="t37" time="0.129"/>
  <testcase classname="com.juliandomingo.pset6.MinWebTestSuiteTest" name="t38" time="0.107"/>
  <testcase classname="com.juliandomingo.pset6.MinWebTestSuiteTest" name="t39" time="0.12"/>
  <testcase classname="com.juliandomingo.pset6.MinWebTestSuiteTest" name="t40" time="0.115"/>
  <testcase classname="com.juliandomingo.pset6.MinWebTestSuiteTest" name="t41" time="0.118"/>
  <testcase classname="com.juliandomingo.pset6.MinWebTestSuiteTest" name="t42" time="0.11"/>
  <testcase classname="com.juliandomingo.pset6.MinWebTestSuiteTest" name="t43" time="0.125"/>
  <testcase classname="com.juliandomingo.pset6.MinWebTestSuiteTest" name="t44" time="0.119"/>
  <testcase classname="com.juliandomingo.pset6.MinWebTestSuiteTest" name="t45" time="0.137"/>
  <testcase classname="com.juliandomingo.pset6.MinWebTestSuiteTest" name="t46" time="0.115"/>
  <testcase classname="com.juliandomingo.pset6.MinWebTestSuiteTest" name="t47" time="0.141"/>
  <testcase classname="com.juliandomingo.pset6.MinWebTestSuiteTest" name="t48" time="0.105"/>
  <testcase classname="com.juliandomingo.pset6.MinWebTestSuiteTest" name="t49" time="0.143"/>
  <testcase classname="com.juliandomingo.pset6.MinWebTestSuiteTest" name="t50" time="0.174"/>
  <testcase classname="com.juliandomingo.pset6.MinWebTestSuiteTest" name="t51" time="0.158"/>
  <testcase classname="com.juliandomingo.pset6.MinWebTestSuiteTest" name="t52" time="0.12"/>
  <testcase classname="com.juliandomingo.pset6.MinWebTestSuiteTest" name="t53" time="0.134"/>
  <testcase classname="com.juliandomingo.pset6.MinWebTestSuiteTest" name="t54" time="0.116"/>
  <testcase classname="com.juliandomingo.pset6.MinWebTestSuiteTest" name="t55" time="0.131"/>
  <testcase classname="com.juliandomingo.pset6.MinWebTestSuiteTest" name="t56" time="0.106"/>
  <testcase classname="com.juliandomingo.pset6.MinWebTestSuiteTest" name="t57" time="0.137"/>
  <testcase classname="com.juliandomingo.pset6.MinWebTestSuiteTest" name="t58" time="0.113"/>
  <testcase classname="com.juliandomingo.pset6.MinWebTestSuiteTest" name="t59" time="0.128"/>
  <testcase classname="com.juliandomingo.pset6.MinWebTestSuiteTest" name="t60" time="0.122"/>
  <testcase classname="com.juliandomingo.pset6.MinWebTestSuiteTest" name="t61" time="0.411"/>
  <testcase classname="com.juliandomingo.pset6.MinWebTestSuiteTest" name="t62" time="0.128"/>
  <testcase classname="com.juliandomingo.pset6.MinWebTestSuiteTest" name="t63" time="0.137"/>
  <testcase classname="com.juliandomingo.pset6.MinWebTestSuiteTest" name="t64" time="0.124"/>
  <testcase classname="com.juliandomingo.pset6.MinWebTestSuiteTest" name="t65" time="0.13"/>
  <testcase classname="com.juliandomingo.pset6.MinWebTestSuiteTest" name="t66" time="0.115"/>
  <testcase classname="com.juliandomingo.pset6.MinWebTestSuiteTest" name="t67" time="0.137"/>
  <testcase classname="com.juliandomingo.pset6.MinWebTestSuiteTest" name="t68" time="0.13"/>
  <testcase classname="com.juliandomingo.pset6.MinWebTestSuiteTest" name="t69" time="0.159"/>
  <testcase classname="com.juliandomingo.pset6.MinWebTestSuiteTest" name="t70" time="0.131"/>
  <testcase classname="com.juliandomingo.pset6.MinWebTestSuiteTest" name="t71" time="0.224"/>
  <testcase classname="com.juliandomingo.pset6.MinWebTestSuiteTest" name="t72" time="0.117"/>
  <testcase classname="com.juliandomingo.pset6.MinWebTestSuiteTest" name="t73" time="0.145"/>
  <testcase classname="com.juliandomingo.pset6.MinWebTestSuiteTest" name="t74" time="0.127"/>
  <testcase classname="com.juliandomingo.pset6.MinWebTestSuiteTest" name="t75" time="0.139"/>
  <testcase classname="com.juliandomingo.pset6.MinWebTestSuiteTest" name="t76" time="0.149"/>
  <testcase classname="com.juliandomingo.pset6.MinWebTestSuiteTest" name="t77" time="0.212"/>
  <testcase classname="com.juliandomingo.pset6.MinWebTestSuiteTest" name="t78" time="0.187"/>
  <testcase classname="com.juliandomingo.pset6.MinWebTestSuiteTest" name="t79" time="0.159"/>
  <testcase classname="com.juliandomingo.pset6.MinWebTestSuiteTest" name="t80" time="0.13"/>
  <testcase classname="com.juliandomingo.pset6.MinWebTestSuiteTest" name="t81" time="0.145"/>
  <testcase classname="com.juliandomingo.pset6.MinWebTestSuiteTest" name="t82" time="0.137"/>
  <testcase classname="com.juliandomingo.pset6.MinWebTestSuiteTest" name="t83" time="0.134"/>
  <testcase classname="com.juliandomingo.pset6.MinWebTestSuiteTest" name="t84" time="0.125"/>
  <testcase classname="com.juliandomingo.pset6.MinWebTestSuiteTest" name="t85" time="0.143"/>
  <testcase classname="com.juliandomingo.pset6.MinWebTestSuiteTest" name="t86" time="0.117"/>
  <testcase classname="com.juliandomingo.pset6.MinWebTestSuiteTest" name="t87" time="0.145"/>
  <testcase classname="com.juliandomingo.pset6.MinWebTestSuiteTest" name="t88" time="0.112"/>
  <testcase classname="com.juliandomingo.pset6.MinWebTestSuiteTest" name="t89" time="0.137"/>
  <testcase classname="com.juliandomingo.pset6.MinWebTestSuiteTest" name="t90" time="0.122"/>
  <testcase classname="com.juliandomingo.pset6.MinWebTestSuiteTest" name="t91" time="0.147"/>
  <testcase classname="com.juliandomingo.pset6.MinWebTestSuiteTest" name="t92" time="0.116"/>
  <testcase classname="com.juliandomingo.pset6.MinWebTestSuiteTest" name="t93" time="0.133"/>
  <testcase classname="com.juliandomingo.pset6.MinWebTestSuiteTest" name="t94" time="0.115"/>
  <testcase classname="com.juliandomingo.pset6.MinWebTestSuiteTest" name="t95" time="0.137"/>
  <testcase classname="com.juliandomingo.pset6.MinWebTestSuiteTest" name="t96" time="0.096"/>
  <testcase classname="com.juliandomingo.pset6.MinWebTestSuiteTest" name="t97" time="0.12"/>
  <testcase classname="com.juliandomingo.pset6.MinWebTestSuiteTest" name="t98" time="0.117"/>
  <testcase classname="com.juliandomingo.pset6.MinWebTestSuiteTest" name="t99" time="0.14"/>
  <testcase classname="com.juliandomingo.pset6.MinWebTestSuiteTest" name="t100" time="0.108"/>
  <testcase classname="com.juliandomingo.pset6.MinWebTestSuiteTest" name="t101" time="0.118"/>
  <testcase classname="com.juliandomingo.pset6.MinWebTestSuiteTest" name="t102" time="0.109"/>
  <testcase classname="com.juliandomingo.pset6.MinWebTestSuiteTest" name="t103" time="0.127"/>
  <testcase classname="com.juliandomingo.pset6.MinWebTestSuiteTest" name="t104" time="0.112"/>
  <testcase classname="com.juliandomingo.pset6.MinWebTestSuiteTest" name="t105" time="0.141"/>
  <testcase classname="com.juliandomingo.pset6.MinWebTestSuiteTest" name="t106" time="0.158"/>
  <testcase classname="com.juliandomingo.pset6.MinWebTestSuiteTest" name="t107" time="0.17"/>
  <testcase classname="com.juliandomingo.pset6.MinWebTestSuiteTest" name="t108" time="0.175"/>
  <testcase classname="com.juliandomingo.pset6.MinWebTestSuiteTest" name="t109" time="0.143"/>
  <testcase classname="com.juliandomingo.pset6.MinWebTestSuiteTest" name="t110" time="0.13"/>
  <testcase classname="com.juliandomingo.pset6.MinWebTestSuiteTest" name="t111" time="0.131"/>
  <testcase classname="com.juliandomingo.pset6.MinWebTestSuiteTest" name="t112" time="0.109"/>
  <testcase classname="com.juliandomingo.pset6.MinWebTestSuiteTest" name="t113" time="0.127"/>
  <testcase classname="com.juliandomingo.pset6.MinWebTestSuiteTest" name="t114" time="0.126"/>
  <testcase classname="com.juliandomingo.pset6.MinWebTestSuiteTest" name="t115" time="0.148"/>
  <testcase classname="com.juliandomingo.pset6.MinWebTestSuiteTest" name="t116" time="0.127"/>
  <testcase classname="com.juliandomingo.pset6.MinWebTestSuiteTest" name="t117" time="0.149"/>
  <testcase classname="com.juliandomingo.pset6.MinWebTestSuiteTest" name="t118" time="0.121"/>
  <testcase classname="com.juliandomingo.pset6.MinWebTestSuiteTest" name="t119" time="0.136"/>
  <testcase classname="com.juliandomingo.pset6.MinWebTestSuiteTest" name="t120" time="0.107"/>
  <testcase classname="com.juliandomingo.pset6.MinWebTestSuiteTest" name="t121" time="0.121"/>
  <testcase classname="com.juliandomingo.pset6.MinWebTestSuiteTest" name="t122" time="0.154"/>
  <testcase classname="com.juliandomingo.pset6.MinWebTestSuiteTest" name="t123" time="0.199"/>
  <testcase classname="com.juliandomingo.pset6.MinWebTestSuiteTest" name="t124" time="0.193"/>
  <testcase classname="com.juliandomingo.pset6.MinWebTestSuiteTest" name="t125" time="0.203"/>
  <testcase classname="com.juliandomingo.pset6.MinWebTestSuiteTest" name="t126" time="0.174"/>
  <testcase classname="com.juliandomingo.pset6.MinWebTestSuiteTest" name="t127" time="0.151"/>
</testsuite>